<?xml version="1.0" encoding="UTF-8"?>
<testng-results skipped="0" failed="0" ignored="0" total="6" passed="6">
  <reporter-output>
  </reporter-output>
  <suite name="Suite" duration-ms="63" started-at="2019-12-09T18:09:00 PST" finished-at="2019-12-09T18:09:00 PST">
    <groups>
    </groups>
    <test name="Test" duration-ms="63" started-at="2019-12-09T18:09:00 PST" finished-at="2019-12-09T18:09:00 PST">
      <class name="qaclickacademy.AppiumTest">
        <test-method status="PASS" signature="IOSApps()[pri:0, instance:qaclickacademy.AppiumTest@29ca901e]" name="IOSApps" duration-ms="16" started-at="2019-12-09T18:09:00 PST" finished-at="2019-12-09T18:09:00 PST">
          <reporter-output>
          </reporter-output>
        </test-method> <!-- IOSApps -->
        <test-method status="PASS" signature="NativeAppsAndroid()[pri:0, instance:qaclickacademy.AppiumTest@29ca901e]" name="NativeAppsAndroid" duration-ms="0" started-at="2019-12-09T18:09:00 PST" finished-at="2019-12-09T18:09:00 PST">
          <reporter-output>
          </reporter-output>
        </test-method> <!-- NativeAppsAndroid -->
      </class> <!-- qaclickacademy.AppiumTest -->
      <class name="qaclickacademy.RESTAPITest">
        <test-method status="PASS" signature="deletetwitter()[pri:0, instance:qaclickacademy.RESTAPITest@6adede5]" name="deletetwitter" duration-ms="0" started-at="2019-12-09T18:09:00 PST" finished-at="2019-12-09T18:09:00 PST">
          <reporter-output>
          </reporter-output>
        </test-method> <!-- deletetwitter -->
        <test-method status="PASS" signature="postjira()[pri:0, instance:qaclickacademy.RESTAPITest@6adede5]" name="postjira" duration-ms="0" started-at="2019-12-09T18:09:00 PST" finished-at="2019-12-09T18:09:00 PST">
          <reporter-output>
          </reporter-output>
        </test-method> <!-- postjira -->
      </class> <!-- qaclickacademy.RESTAPITest -->
      <class name="qaclickacademy.SeleniumTest">
        <test-method status="PASS" signature="elementsui()[pri:0, instance:qaclickacademy.SeleniumTest@5649fd9b]" name="elementsui" duration-ms="0" started-at="2019-12-09T18:09:00 PST" finished-at="2019-12-09T18:09:00 PST">
          <reporter-output>
          </reporter-output>
        </test-method> <!-- elementsui -->
        <test-method status="PASS" signature="BrowswerAutomation()[pri:0, instance:qaclickacademy.SeleniumTest@5649fd9b]" name="BrowswerAutomation" duration-ms="0" started-at="2019-12-09T18:09:00 PST" finished-at="2019-12-09T18:09:00 PST">
          <reporter-output>
          </reporter-output>
        </test-method> <!-- BrowswerAutomation -->
      </class> <!-- qaclickacademy.SeleniumTest -->
    </test> <!-- Test -->
  </suite> <!-- Suite -->
</testng-results>
